<?xml version="1.0" encoding="UTF-8"?>
<!-- Generated by org.testng.reporters.JUnitXMLReporter -->
<testsuite hostname="LAPTOP-637D0VS7" name="Default test" tests="4" failures="0" timestamp="6 Jun 2020 09:24:32 GMT" time="85.754" errors="0">
  <testcase name="LoginTest" time="17.245" classname="Testing.TestCase_01"/>
  <testcase name="LoginTest" time="1.382" classname="Testing.TestCase_01"/>
  <testcase name="LoginTest" time="1.096" classname="Testing.TestCase_01"/>
  <testcase name="LoginTest" time="0.937" classname="Testing.TestCase_01"/>
</testsuite> <!-- Default test -->
